2026-07-12 16:58:26 | INFO | ======================================================================
2026-07-12 16:58:26 | INFO | Starting Task 8 : Data Versioning
2026-07-12 16:58:26 | INFO | ======================================================================
2026-07-12 16:58:27 | INFO | customer version created successfully.
2026-07-12 16:58:27 | INFO | article version created successfully.
2026-07-12 16:58:27 | INFO | transaction version created successfully.
2026-07-12 16:58:27 | INFO | ======================================================================
2026-07-12 16:58:27 | INFO | Task 8 Completed Successfully
2026-07-12 16:58:27 | INFO | ======================================================================
2026-07-12 16:59:27 | INFO | ======================================================================
2026-07-12 16:59:27 | INFO | Starting Task 8 : Data Versioning
2026-07-12 16:59:27 | INFO | ======================================================================
2026-07-12 16:59:27 | INFO | customer version created successfully.
2026-07-12 16:59:27 | INFO | article version created successfully.
2026-07-12 16:59:28 | INFO | transaction version created successfully.
2026-07-12 16:59:28 | INFO | ======================================================================
2026-07-12 16:59:28 | INFO | Task 8 Completed Successfully
2026-07-12 16:59:28 | INFO | ======================================================================
2026-07-12 17:26:15 | INFO | ======================================================================
2026-07-12 17:26:15 | INFO | Starting Task 8 : Data Versioning
2026-07-12 17:26:15 | INFO | ======================================================================
2026-07-12 17:26:15 | INFO | customer version created successfully.
2026-07-12 17:26:15 | INFO | article version created successfully.
2026-07-12 17:26:18 | INFO | transaction version created successfully.
2026-07-12 17:26:18 | INFO | ======================================================================
2026-07-12 17:26:18 | INFO | Task 8 Completed Successfully
2026-07-12 17:26:18 | INFO | ======================================================================
2026-07-15 08:39:21 | INFO | ======================================================================
2026-07-15 08:39:21 | INFO | Starting Task 8 : Data Versioning and Lineage Signatures
2026-07-15 08:39:21 | INFO | ======================================================================
2026-07-15 08:39:21 | INFO | File: customer_features.csv     | SHA256: 1183c891bdfd1df67f314ea5005958f19793fe21740153aead230fe4a0e6485a
2026-07-15 08:39:21 | INFO | Stored local snapshot copy at: customer_features_1183c891bd.csv
2026-07-15 08:39:21 | INFO | File: article_features.csv      | SHA256: 1f722d04c51a62b3d4d0fa805ffed74626dfbfc777fd2d57244d2ff8660ef5fc
2026-07-15 08:39:21 | INFO | Stored local snapshot copy at: article_features_1f722d04c5.csv
2026-07-15 08:39:21 | INFO | File: transaction_features.csv  | SHA256: a2b4227b67a9f9091b8625ad753f2e60e724b98c5b2a72e342f8e0e897b3e61e
2026-07-15 08:39:21 | INFO | Stored local snapshot copy at: transaction_features_a2b4227b67.csv
2026-07-15 08:39:21 | INFO | Attempting to run DVC commands...
2026-07-15 08:39:21 | WARNING | DVC tracking skipped or failed: [WinError 2] The system cannot find the file specified
2026-07-15 08:39:21 | WARNING | DVC tracking skipped or failed: [WinError 2] The system cannot find the file specified
2026-07-15 08:39:21 | INFO | ======================================================================
2026-07-15 08:39:21 | INFO | Task 8 Completed Successfully (Lineage verified)
2026-07-15 08:39:21 | INFO | ======================================================================
2026-07-15 08:41:14 | INFO | ======================================================================
2026-07-15 08:41:14 | INFO | Starting Task 8 : Data Versioning and Lineage Signatures
2026-07-15 08:41:14 | INFO | ======================================================================
2026-07-15 08:41:14 | INFO | File: customer_features.csv     | SHA256: 1183c891bdfd1df67f314ea5005958f19793fe21740153aead230fe4a0e6485a
2026-07-15 08:41:14 | INFO | Stored local snapshot copy at: customer_features_1183c891bd.csv
2026-07-15 08:41:14 | INFO | File: article_features.csv      | SHA256: 1f722d04c51a62b3d4d0fa805ffed74626dfbfc777fd2d57244d2ff8660ef5fc
2026-07-15 08:41:14 | INFO | Stored local snapshot copy at: article_features_1f722d04c5.csv
2026-07-15 08:41:14 | INFO | File: transaction_features.csv  | SHA256: a2b4227b67a9f9091b8625ad753f2e60e724b98c5b2a72e342f8e0e897b3e61e
2026-07-15 08:41:14 | INFO | Stored local snapshot copy at: transaction_features_a2b4227b67.csv
2026-07-15 08:41:14 | INFO | Attempting to run DVC commands...
2026-07-15 08:41:14 | WARNING | DVC tracking skipped or failed: [WinError 2] The system cannot find the file specified
2026-07-15 08:41:14 | WARNING | DVC tracking skipped or failed: [WinError 2] The system cannot find the file specified
2026-07-15 08:41:14 | INFO | ======================================================================
2026-07-15 08:41:14 | INFO | Task 8 Completed Successfully (Lineage verified)
2026-07-15 08:41:14 | INFO | ======================================================================
2026-07-15 08:44:22 | INFO | ======================================================================
2026-07-15 08:44:22 | INFO | Starting Task 8 : Data Versioning and Lineage Signatures
2026-07-15 08:44:23 | INFO | ======================================================================
2026-07-15 08:44:23 | INFO | File: customer_features.csv     | SHA256: 1183c891bdfd1df67f314ea5005958f19793fe21740153aead230fe4a0e6485a
2026-07-15 08:44:23 | INFO | Stored local snapshot copy at: customer_features_1183c891bd.csv
2026-07-15 08:44:23 | INFO | File: article_features.csv      | SHA256: 1f722d04c51a62b3d4d0fa805ffed74626dfbfc777fd2d57244d2ff8660ef5fc
2026-07-15 08:44:23 | INFO | Stored local snapshot copy at: article_features_1f722d04c5.csv
2026-07-15 08:44:23 | INFO | File: transaction_features.csv  | SHA256: a2b4227b67a9f9091b8625ad753f2e60e724b98c5b2a72e342f8e0e897b3e61e
2026-07-15 08:44:23 | INFO | Stored local snapshot copy at: transaction_features_a2b4227b67.csv
2026-07-15 08:44:23 | INFO | Attempting to run DVC commands...
2026-07-15 08:44:23 | WARNING | DVC tracking skipped or failed: [WinError 2] The system cannot find the file specified
2026-07-15 08:44:23 | WARNING | DVC tracking skipped or failed: [WinError 2] The system cannot find the file specified
2026-07-15 08:44:23 | INFO | ======================================================================
2026-07-15 08:44:23 | INFO | Task 8 Completed Successfully (Lineage verified)
2026-07-15 08:44:23 | INFO | ======================================================================
2026-07-15 08:53:26 | INFO | ======================================================================
2026-07-15 08:53:26 | INFO | Starting Task 8 : Data Versioning and Lineage Signatures
2026-07-15 08:53:26 | INFO | ======================================================================
2026-07-15 08:53:26 | INFO | File: customer_features.csv     | SHA256: 1183c891bdfd1df67f314ea5005958f19793fe21740153aead230fe4a0e6485a
2026-07-15 08:53:26 | INFO | Stored local snapshot copy at: customer_features_1183c891bd.csv
2026-07-15 08:53:26 | INFO | File: article_features.csv      | SHA256: 1f722d04c51a62b3d4d0fa805ffed74626dfbfc777fd2d57244d2ff8660ef5fc
2026-07-15 08:53:26 | INFO | Stored local snapshot copy at: article_features_1f722d04c5.csv
2026-07-15 08:53:26 | INFO | File: transaction_features.csv  | SHA256: a2b4227b67a9f9091b8625ad753f2e60e724b98c5b2a72e342f8e0e897b3e61e
2026-07-15 08:53:26 | INFO | Stored local snapshot copy at: transaction_features_a2b4227b67.csv
2026-07-15 08:53:26 | INFO | Attempting to run DVC commands...
2026-07-15 08:53:26 | WARNING | DVC tracking skipped or failed: [WinError 2] The system cannot find the file specified
2026-07-15 08:53:26 | WARNING | DVC tracking skipped or failed: [WinError 2] The system cannot find the file specified
2026-07-15 08:53:26 | INFO | ======================================================================
2026-07-15 08:53:26 | INFO | Task 8 Completed Successfully (Lineage verified)
2026-07-15 08:53:26 | INFO | ======================================================================
2026-07-15 08:56:48 | INFO | ======================================================================
2026-07-15 08:56:48 | INFO | Starting Task 8 : Data Versioning and Lineage Signatures
2026-07-15 08:56:48 | INFO | ======================================================================
2026-07-15 08:56:48 | INFO | File: customer_features.csv     | SHA256: 1183c891bdfd1df67f314ea5005958f19793fe21740153aead230fe4a0e6485a
2026-07-15 08:56:48 | INFO | Stored local snapshot copy at: customer_features_1183c891bd.csv
2026-07-15 08:56:48 | INFO | File: article_features.csv      | SHA256: 1f722d04c51a62b3d4d0fa805ffed74626dfbfc777fd2d57244d2ff8660ef5fc
2026-07-15 08:56:48 | INFO | Stored local snapshot copy at: article_features_1f722d04c5.csv
2026-07-15 08:56:48 | INFO | File: transaction_features.csv  | SHA256: a2b4227b67a9f9091b8625ad753f2e60e724b98c5b2a72e342f8e0e897b3e61e
2026-07-15 08:56:48 | INFO | Stored local snapshot copy at: transaction_features_a2b4227b67.csv
2026-07-15 08:56:48 | INFO | Attempting to run DVC commands...
2026-07-15 08:56:48 | WARNING | DVC tracking skipped or failed: [WinError 2] The system cannot find the file specified
2026-07-15 08:56:48 | WARNING | DVC tracking skipped or failed: [WinError 2] The system cannot find the file specified
2026-07-15 08:56:48 | INFO | ======================================================================
2026-07-15 08:56:48 | INFO | Task 8 Completed Successfully (Lineage verified)
2026-07-15 08:56:48 | INFO | ======================================================================
2026-07-18 09:41:27 | INFO | ======================================================================
2026-07-18 09:41:27 | INFO | Starting Task 8 : Data Versioning and Lineage Signatures
2026-07-18 09:41:27 | INFO | ======================================================================
2026-07-18 09:41:27 | INFO | File: customer_features.csv     | SHA256: 1183c891bdfd1df67f314ea5005958f19793fe21740153aead230fe4a0e6485a
2026-07-18 09:41:27 | INFO | Stored local snapshot copy at: customer_features_1183c891bd.csv
2026-07-18 09:41:27 | INFO | File: article_features.csv      | SHA256: 1f722d04c51a62b3d4d0fa805ffed74626dfbfc777fd2d57244d2ff8660ef5fc
2026-07-18 09:41:27 | INFO | Stored local snapshot copy at: article_features_1f722d04c5.csv
2026-07-18 09:41:27 | INFO | File: transaction_features.csv  | SHA256: a2b4227b67a9f9091b8625ad753f2e60e724b98c5b2a72e342f8e0e897b3e61e
2026-07-18 09:41:27 | INFO | Stored local snapshot copy at: transaction_features_a2b4227b67.csv
2026-07-18 09:41:27 | INFO | Attempting to run DVC commands...
2026-07-18 09:41:27 | WARNING | DVC tracking skipped or failed: [WinError 2] The system cannot find the file specified
2026-07-18 09:41:27 | WARNING | DVC tracking skipped or failed: [WinError 2] The system cannot find the file specified
2026-07-18 09:41:27 | INFO | ======================================================================
2026-07-18 09:41:27 | INFO | Task 8 Completed Successfully (Lineage verified)
2026-07-18 09:41:27 | INFO | ======================================================================
2026-07-18 09:43:06 | INFO | ======================================================================
2026-07-18 09:43:06 | INFO | Starting Task 8 : Data Versioning and Lineage Signatures
2026-07-18 09:43:06 | INFO | ======================================================================
2026-07-18 09:43:06 | INFO | File: customer_features.csv     | SHA256: 1183c891bdfd1df67f314ea5005958f19793fe21740153aead230fe4a0e6485a
2026-07-18 09:43:06 | INFO | Stored local snapshot copy at: customer_features_1183c891bd.csv
2026-07-18 09:43:06 | INFO | File: article_features.csv      | SHA256: 1f722d04c51a62b3d4d0fa805ffed74626dfbfc777fd2d57244d2ff8660ef5fc
2026-07-18 09:43:06 | INFO | Stored local snapshot copy at: article_features_1f722d04c5.csv
2026-07-18 09:43:06 | INFO | File: transaction_features.csv  | SHA256: a2b4227b67a9f9091b8625ad753f2e60e724b98c5b2a72e342f8e0e897b3e61e
2026-07-18 09:43:06 | INFO | Stored local snapshot copy at: transaction_features_a2b4227b67.csv
2026-07-18 09:43:06 | INFO | Attempting to run DVC commands...
2026-07-18 09:43:06 | WARNING | DVC tracking skipped or failed: [WinError 2] The system cannot find the file specified
2026-07-18 09:43:06 | WARNING | DVC tracking skipped or failed: [WinError 2] The system cannot find the file specified
2026-07-18 09:43:06 | INFO | ======================================================================
2026-07-18 09:43:06 | INFO | Task 8 Completed Successfully (Lineage verified)
2026-07-18 09:43:06 | INFO | ======================================================================
2026-07-18 17:52:44 | INFO | ======================================================================
2026-07-18 17:52:44 | INFO | Starting Task 8 : Data Versioning and Lineage Signatures
2026-07-18 17:52:44 | INFO | ======================================================================
2026-07-18 17:52:44 | INFO | File: customer_features.csv     | SHA256: 1183c891bdfd1df67f314ea5005958f19793fe21740153aead230fe4a0e6485a
2026-07-18 17:52:44 | INFO | Stored local snapshot copy at: customer_features_1183c891bd.csv
2026-07-18 17:52:44 | INFO | File: article_features.csv      | SHA256: 1f722d04c51a62b3d4d0fa805ffed74626dfbfc777fd2d57244d2ff8660ef5fc
2026-07-18 17:52:44 | INFO | Stored local snapshot copy at: article_features_1f722d04c5.csv
2026-07-18 17:52:44 | INFO | File: transaction_features.csv  | SHA256: a2b4227b67a9f9091b8625ad753f2e60e724b98c5b2a72e342f8e0e897b3e61e
2026-07-18 17:52:44 | INFO | Stored local snapshot copy at: transaction_features_a2b4227b67.csv
2026-07-18 17:52:44 | INFO | Attempting to run DVC commands...
2026-07-18 17:52:44 | WARNING | DVC tracking skipped or failed: [WinError 2] The system cannot find the file specified
2026-07-18 17:52:44 | WARNING | DVC tracking skipped or failed: [WinError 2] The system cannot find the file specified
2026-07-18 17:52:44 | INFO | ======================================================================
2026-07-18 17:52:44 | INFO | Task 8 Completed Successfully (Lineage verified)
2026-07-18 17:52:44 | INFO | ======================================================================
