2026-07-12 16:43:36 | INFO | ======================================================================
2026-07-12 16:43:36 | INFO | Starting Task 6 : Feature Engineering
2026-07-12 16:43:36 | INFO | ======================================================================
2026-07-12 16:43:36 | INFO | Creating Customer Features
2026-07-12 16:43:40 | INFO | Customer Features Created : (1371980, 6)
2026-07-12 16:43:40 | INFO | Creating Article Features
2026-07-12 16:43:41 | INFO | Article Features Created : (105542, 6)
2026-07-12 16:43:41 | INFO | Creating Transaction Features
2026-07-12 16:44:05 | INFO | Transaction Features Created : (6647797, 7)
2026-07-12 16:44:05 | INFO | ======================================================================
2026-07-12 16:44:05 | INFO | Task 6 Completed Successfully
2026-07-12 16:44:05 | INFO | ======================================================================
2026-07-12 16:45:21 | INFO | ======================================================================
2026-07-12 16:45:21 | INFO | Starting Task 6 : Feature Engineering
2026-07-12 16:45:21 | INFO | ======================================================================
2026-07-12 16:45:21 | INFO | Creating Customer Features
2026-07-12 16:45:26 | INFO | Customer Features Created : (1371980, 6)
2026-07-12 16:45:26 | INFO | Creating Article Features
2026-07-12 16:45:27 | INFO | Article Features Created : (105542, 6)
2026-07-12 16:45:27 | INFO | Creating Transaction Features
2026-07-12 16:45:53 | INFO | Transaction Features Created : (6647797, 7)
2026-07-12 16:45:53 | INFO | ======================================================================
2026-07-12 16:45:53 | INFO | Task 6 Completed Successfully
2026-07-12 16:45:53 | INFO | ======================================================================
2026-07-12 17:24:01 | INFO | ======================================================================
2026-07-12 17:24:01 | INFO | Starting Task 6 : Feature Engineering
2026-07-12 17:24:01 | INFO | ======================================================================
2026-07-12 17:24:01 | INFO | Creating Customer Features
2026-07-12 17:24:06 | INFO | Customer Features Created : (1371980, 6)
2026-07-12 17:24:06 | INFO | Creating Article Features
2026-07-12 17:24:07 | INFO | Article Features Created : (105542, 6)
2026-07-12 17:24:07 | INFO | Creating Transaction Features
2026-07-12 17:25:46 | INFO | Transaction Features Created : (25458900, 7)
2026-07-12 17:25:46 | INFO | ======================================================================
2026-07-12 17:25:46 | INFO | Task 6 Completed Successfully
2026-07-12 17:25:46 | INFO | ======================================================================
2026-07-15 07:53:32 | INFO | ======================================================================
2026-07-15 07:53:32 | INFO | Starting Task 6 : Feature Engineering Layer Generation
2026-07-15 07:53:32 | INFO | ======================================================================
2026-07-15 07:53:32 | INFO | Creating Customer Features
2026-07-15 07:54:13 | INFO | Customer Features Created | Shape : (1371980, 4)
2026-07-15 07:54:13 | INFO | Creating Article Features
2026-07-15 07:54:14 | INFO | Article Features Created | Shape : (105542, 7)
2026-07-15 07:54:14 | INFO | Creating Transaction Features
2026-07-15 07:56:36 | INFO | Transaction Features Created | Shape : (25458900, 7)
2026-07-15 07:56:36 | WARNING | products_api.csv not found in processed path. Skipping API feature track generation.
2026-07-15 07:56:36 | INFO | ======================================================================
2026-07-15 07:56:36 | INFO | Task 6 Completed Successfully
2026-07-15 07:56:36 | INFO | ======================================================================
2026-07-15 08:35:08 | INFO | ======================================================================
2026-07-15 08:35:08 | INFO | Starting Task 6 : Feature Engineering
2026-07-15 08:35:08 | INFO | ======================================================================
2026-07-15 08:35:08 | INFO | Creating Customer Features
2026-07-15 08:35:08 | INFO | Creating Movie Catalog Features
2026-07-15 08:35:08 | INFO | Creating Transaction Features
2026-07-15 08:35:08 | INFO | ======================================================================
2026-07-15 08:35:08 | INFO | Task 6 Completed Successfully
2026-07-15 08:35:08 | INFO | ======================================================================
2026-07-15 08:37:37 | INFO | ======================================================================
2026-07-15 08:37:37 | INFO | Starting Task 6 : Feature Engineering
2026-07-15 08:37:37 | INFO | ======================================================================
2026-07-15 08:37:37 | INFO | Creating Customer Features
2026-07-15 08:37:37 | INFO | Creating Movie Catalog Features
2026-07-15 08:37:37 | INFO | Creating Transaction Features
2026-07-15 08:37:37 | INFO | ======================================================================
2026-07-15 08:37:37 | INFO | Task 6 Completed Successfully
2026-07-15 08:37:37 | INFO | ======================================================================
2026-07-15 08:39:21 | INFO | ======================================================================
2026-07-15 08:39:21 | INFO | Starting Task 6 : Feature Engineering
2026-07-15 08:39:21 | INFO | ======================================================================
2026-07-15 08:39:21 | INFO | Creating Customer Features
2026-07-15 08:39:21 | INFO | Creating Movie Catalog Features
2026-07-15 08:39:21 | INFO | Creating Transaction Features
2026-07-15 08:39:21 | INFO | ======================================================================
2026-07-15 08:39:21 | INFO | Task 6 Completed Successfully
2026-07-15 08:39:21 | INFO | ======================================================================
2026-07-15 08:41:14 | INFO | ======================================================================
2026-07-15 08:41:14 | INFO | Starting Task 6 : Feature Engineering
2026-07-15 08:41:14 | INFO | ======================================================================
2026-07-15 08:41:14 | INFO | Creating Customer Features
2026-07-15 08:41:14 | INFO | Creating Movie Catalog Features
2026-07-15 08:41:14 | INFO | Creating Transaction Features
2026-07-15 08:41:14 | INFO | ======================================================================
2026-07-15 08:41:14 | INFO | Task 6 Completed Successfully
2026-07-15 08:41:14 | INFO | ======================================================================
2026-07-15 08:44:22 | INFO | ======================================================================
2026-07-15 08:44:22 | INFO | Starting Task 6 : Feature Engineering
2026-07-15 08:44:22 | INFO | ======================================================================
2026-07-15 08:44:22 | INFO | Creating Customer Features
2026-07-15 08:44:22 | INFO | Creating Movie Catalog Features
2026-07-15 08:44:22 | INFO | Creating Transaction Features
2026-07-15 08:44:22 | INFO | ======================================================================
2026-07-15 08:44:22 | INFO | Task 6 Completed Successfully
2026-07-15 08:44:22 | INFO | ======================================================================
