2026-07-12 17:00:06 | INFO | ======================================================================
2026-07-12 17:00:06 | INFO | Starting Task 9 : Model Training
2026-07-12 17:00:06 | INFO | ======================================================================
2026-07-12 17:00:06 | INFO | Loading transaction features
2026-07-12 17:02:07 | INFO | RMSE : 0.03337744990439895
2026-07-12 17:02:14 | INFO | Model Saved Successfully
2026-07-12 17:02:14 | INFO | Metrics Saved Successfully
2026-07-12 17:02:14 | INFO | ======================================================================
2026-07-12 17:02:14 | INFO | Task 9 Completed Successfully
2026-07-12 17:02:14 | INFO | ======================================================================
2026-07-12 17:26:18 | INFO | ======================================================================
2026-07-12 17:26:18 | INFO | Starting Task 9 : Model Training
2026-07-12 17:26:18 | INFO | ======================================================================
2026-07-12 17:26:18 | INFO | Loading transaction features
2026-07-12 17:38:34 | INFO | RMSE : 0.023201382580338867
2026-07-12 17:39:05 | INFO | Model Saved Successfully
2026-07-12 17:39:05 | INFO | Metrics Saved Successfully
2026-07-12 17:39:05 | INFO | ======================================================================
2026-07-12 17:39:05 | INFO | Task 9 Completed Successfully
2026-07-12 17:39:05 | INFO | ======================================================================
2026-07-15 08:35:53 | INFO | ======================================================================
2026-07-15 08:35:53 | INFO | Starting Task 9 : SVD Model Training
2026-07-15 08:35:53 | INFO | ======================================================================
2026-07-15 08:35:54 | INFO | SVD Training Complete | Calculated RMSE: 0.9352
2026-07-15 08:35:54 | INFO | ======================================================================
2026-07-15 08:35:54 | INFO | Task 9 Completed Successfully
2026-07-15 08:35:54 | INFO | ======================================================================
2026-07-15 08:39:21 | INFO | ======================================================================
2026-07-15 08:39:21 | INFO | Starting Task 9 : SVD Model Training
2026-07-15 08:39:21 | INFO | ======================================================================
2026-07-15 08:39:23 | INFO | SVD Training Complete | Calculated RMSE: 0.9352
2026-07-15 08:39:23 | INFO | ======================================================================
2026-07-15 08:39:23 | INFO | Task 9 Completed Successfully
2026-07-15 08:39:23 | INFO | ======================================================================
2026-07-15 08:41:14 | INFO | ======================================================================
2026-07-15 08:41:14 | INFO | Starting Task 9 : SVD Model Training
2026-07-15 08:41:14 | INFO | ======================================================================
2026-07-15 08:41:15 | INFO | SVD Training Complete | Calculated RMSE: 0.9352
2026-07-15 08:41:15 | INFO | ======================================================================
2026-07-15 08:41:15 | INFO | Task 9 Completed Successfully
2026-07-15 08:41:15 | INFO | ======================================================================
2026-07-15 08:44:23 | INFO | ======================================================================
2026-07-15 08:44:23 | INFO | Starting Task 9 : SVD Model Training
2026-07-15 08:44:23 | INFO | ======================================================================
2026-07-15 08:44:24 | INFO | SVD Training Complete | Calculated RMSE: 0.9352
2026-07-15 08:44:24 | INFO | ======================================================================
2026-07-15 08:44:24 | INFO | Task 9 Completed Successfully
2026-07-15 08:44:24 | INFO | ======================================================================
2026-07-15 08:53:26 | INFO | ======================================================================
2026-07-15 08:53:26 | INFO | Starting Task 9 : SVD Model Training & Retrieval Metric Valuation
2026-07-15 08:53:26 | INFO | ======================================================================
2026-07-15 08:53:27 | INFO | SVD Metrics Summary:
2026-07-15 08:53:27 | INFO |  -> Offline Evaluation RMSE : 0.9352
2026-07-15 08:53:27 | INFO |  -> Retrieval Precision@10  : 0.7116
2026-07-15 08:53:27 | INFO |  -> Retrieval Recall@10     : 0.5428
2026-07-15 08:53:27 | INFO | ======================================================================
2026-07-15 08:53:27 | INFO | Task 9 Completed Successfully
2026-07-15 08:53:27 | INFO | ======================================================================
2026-07-15 08:56:48 | INFO | ======================================================================
2026-07-15 08:56:48 | INFO | Starting Task 9 : SVD Model Training & Retrieval Metric Valuation
2026-07-15 08:56:48 | INFO | ======================================================================
2026-07-15 08:56:50 | INFO | SVD Metrics Summary:
2026-07-15 08:56:50 | INFO |  -> Offline Evaluation RMSE : 0.9352
2026-07-15 08:56:50 | INFO |  -> Retrieval Precision@10  : 0.7116
2026-07-15 08:56:50 | INFO |  -> Retrieval Recall@10     : 0.5428
2026-07-15 08:56:50 | INFO | ======================================================================
2026-07-15 08:56:50 | INFO | Task 9 Completed Successfully
2026-07-15 08:56:50 | INFO | ======================================================================
