2026-07-12 16:46:48 | INFO | ======================================================================
2026-07-12 16:46:48 | INFO | Starting Task 7 : Feature Store
2026-07-12 16:46:48 | INFO | ======================================================================
2026-07-12 16:46:48 | INFO | customer_features.csv stored successfully.
2026-07-12 16:46:48 | INFO | article_features.csv stored successfully.
2026-07-12 16:46:48 | INFO | transaction_features.csv stored successfully.
2026-07-12 16:46:48 | INFO | ======================================================================
2026-07-12 16:46:48 | INFO | Task 7 Completed Successfully
2026-07-12 16:46:48 | INFO | ======================================================================
2026-07-12 16:49:54 | INFO | ======================================================================
2026-07-12 16:49:54 | INFO | Starting Task 7 : Feature Store
2026-07-12 16:49:54 | INFO | ======================================================================
2026-07-12 16:49:54 | INFO | customer_features.csv stored successfully.
2026-07-12 16:49:56 | INFO | Metadata created for customer_features.csv
2026-07-12 16:49:56 | INFO | article_features.csv stored successfully.
2026-07-12 16:49:56 | INFO | Metadata created for article_features.csv
2026-07-12 16:49:56 | INFO | transaction_features.csv stored successfully.
2026-07-12 16:50:03 | INFO | Metadata created for transaction_features.csv
2026-07-12 16:50:03 | INFO | ======================================================================
2026-07-12 16:50:03 | INFO | Task 7 Completed Successfully
2026-07-12 16:50:03 | INFO | ======================================================================
2026-07-12 17:25:46 | INFO | ======================================================================
2026-07-12 17:25:46 | INFO | Starting Task 7 : Feature Store
2026-07-12 17:25:46 | INFO | ======================================================================
2026-07-12 17:25:46 | INFO | customer_features.csv stored successfully.
2026-07-12 17:25:48 | INFO | Metadata created for customer_features.csv
2026-07-12 17:25:48 | INFO | article_features.csv stored successfully.
2026-07-12 17:25:48 | INFO | Metadata created for article_features.csv
2026-07-12 17:25:49 | INFO | transaction_features.csv stored successfully.
2026-07-12 17:26:14 | INFO | Metadata created for transaction_features.csv
2026-07-12 17:26:15 | INFO | ======================================================================
2026-07-12 17:26:15 | INFO | Task 7 Completed Successfully
2026-07-12 17:26:15 | INFO | ======================================================================
2026-07-15 08:35:28 | INFO | ======================================================================
2026-07-15 08:35:28 | INFO | Starting Task 7 : Feature Store Processing Suite
2026-07-15 08:35:28 | INFO | ======================================================================
2026-07-15 08:35:28 | INFO | customer_features.csv committed to Feature Store registry layer.
2026-07-15 08:35:28 | INFO | Metadata catalog generated for entity: customer
2026-07-15 08:35:28 | INFO | article_features.csv committed to Feature Store registry layer.
2026-07-15 08:35:28 | INFO | Metadata catalog generated for entity: article
2026-07-15 08:35:28 | INFO | transaction_features.csv committed to Feature Store registry layer.
2026-07-15 08:35:28 | INFO | Metadata catalog generated for entity: transaction
2026-07-15 08:35:28 | WARNING | Optional feature dataset products_api_features.csv not found. Skipping store ingestion.
2026-07-15 08:35:28 | INFO | Executing sample feature retrieval verification lookup...
2026-07-15 08:35:28 | INFO | Querying Feature Store for Entity: [customer] | Batch Size: 2
2026-07-15 08:35:28 | INFO | Retrieval Complete | Found 0 records out of 2 requests.
2026-07-15 08:35:28 | INFO | ======================================================================
2026-07-15 08:35:28 | INFO | Task 7 Completed Successfully
2026-07-15 08:35:28 | INFO | ======================================================================
2026-07-15 08:37:37 | INFO | ======================================================================
2026-07-15 08:37:37 | INFO | Starting Task 7 : Feature Store Processing Suite
2026-07-15 08:37:37 | INFO | ======================================================================
2026-07-15 08:37:37 | INFO | customer_features.csv committed to Feature Store registry layer.
2026-07-15 08:37:37 | INFO | Metadata catalog generated for entity: customer
2026-07-15 08:37:37 | INFO | article_features.csv committed to Feature Store registry layer.
2026-07-15 08:37:37 | INFO | Metadata catalog generated for entity: article
2026-07-15 08:37:37 | INFO | transaction_features.csv committed to Feature Store registry layer.
2026-07-15 08:37:37 | INFO | Metadata catalog generated for entity: transaction
2026-07-15 08:37:37 | WARNING | Optional feature dataset products_api_features.csv not found. Skipping store ingestion.
2026-07-15 08:37:37 | INFO | Executing sample feature retrieval verification lookup...
2026-07-15 08:37:37 | INFO | Querying Feature Store for Entity: [customer] | Batch Size: 2
2026-07-15 08:37:37 | INFO | Retrieval Complete | Found 0 records out of 2 requests.
2026-07-15 08:37:37 | INFO | ======================================================================
2026-07-15 08:37:37 | INFO | Task 7 Completed Successfully
2026-07-15 08:37:37 | INFO | ======================================================================
2026-07-15 08:39:21 | INFO | ======================================================================
2026-07-15 08:39:21 | INFO | Starting Task 7 : Feature Store Processing Suite
2026-07-15 08:39:21 | INFO | ======================================================================
2026-07-15 08:39:21 | INFO | customer_features.csv committed to Feature Store registry layer.
2026-07-15 08:39:21 | INFO | Metadata catalog generated for entity: customer
2026-07-15 08:39:21 | INFO | article_features.csv committed to Feature Store registry layer.
2026-07-15 08:39:21 | INFO | Metadata catalog generated for entity: article
2026-07-15 08:39:21 | INFO | transaction_features.csv committed to Feature Store registry layer.
2026-07-15 08:39:21 | INFO | Metadata catalog generated for entity: transaction
2026-07-15 08:39:21 | WARNING | Optional feature dataset products_api_features.csv not found. Skipping store ingestion.
2026-07-15 08:39:21 | INFO | Executing sample feature retrieval verification lookup...
2026-07-15 08:39:21 | INFO | Querying Feature Store for Entity: [customer] | Batch Size: 2
2026-07-15 08:39:21 | INFO | Retrieval Complete | Found 0 records out of 2 requests.
2026-07-15 08:39:21 | INFO | ======================================================================
2026-07-15 08:39:21 | INFO | Task 7 Completed Successfully
2026-07-15 08:39:21 | INFO | ======================================================================
2026-07-15 08:41:14 | INFO | ======================================================================
2026-07-15 08:41:14 | INFO | Starting Task 7 : Feature Store Processing Suite
2026-07-15 08:41:14 | INFO | ======================================================================
2026-07-15 08:41:14 | INFO | customer_features.csv committed to Feature Store registry layer.
2026-07-15 08:41:14 | INFO | Metadata catalog generated for entity: customer
2026-07-15 08:41:14 | INFO | article_features.csv committed to Feature Store registry layer.
2026-07-15 08:41:14 | INFO | Metadata catalog generated for entity: article
2026-07-15 08:41:14 | INFO | transaction_features.csv committed to Feature Store registry layer.
2026-07-15 08:41:14 | INFO | Metadata catalog generated for entity: transaction
2026-07-15 08:41:14 | WARNING | Optional feature dataset products_api_features.csv not found. Skipping store ingestion.
2026-07-15 08:41:14 | INFO | Executing sample feature retrieval verification lookup...
2026-07-15 08:41:14 | INFO | Querying Feature Store for Entity: [customer] | Batch Size: 2
2026-07-15 08:41:14 | INFO | Retrieval Complete | Found 0 records out of 2 requests.
2026-07-15 08:41:14 | INFO | ======================================================================
2026-07-15 08:41:14 | INFO | Task 7 Completed Successfully
2026-07-15 08:41:14 | INFO | ======================================================================
2026-07-15 08:44:22 | INFO | ======================================================================
2026-07-15 08:44:22 | INFO | Starting Task 7 : Feature Store Processing Suite
2026-07-15 08:44:22 | INFO | ======================================================================
2026-07-15 08:44:22 | INFO | customer_features.csv committed to Feature Store registry layer.
2026-07-15 08:44:22 | INFO | Metadata catalog generated for entity: customer
2026-07-15 08:44:22 | INFO | article_features.csv committed to Feature Store registry layer.
2026-07-15 08:44:22 | INFO | Metadata catalog generated for entity: article
2026-07-15 08:44:22 | INFO | transaction_features.csv committed to Feature Store registry layer.
2026-07-15 08:44:22 | INFO | Metadata catalog generated for entity: transaction
2026-07-15 08:44:22 | WARNING | Optional feature dataset products_api_features.csv not found. Skipping store ingestion.
2026-07-15 08:44:22 | INFO | Executing sample feature retrieval verification lookup...
2026-07-15 08:44:22 | INFO | Querying Feature Store for Entity: [customer] | Batch Size: 2
2026-07-15 08:44:22 | INFO | Retrieval Complete | Found 0 records out of 2 requests.
2026-07-15 08:44:22 | INFO | ======================================================================
2026-07-15 08:44:22 | INFO | Task 7 Completed Successfully
2026-07-15 08:44:22 | INFO | ======================================================================
2026-07-15 08:53:26 | INFO | ======================================================================
2026-07-15 08:53:26 | INFO | Starting Task 7 : Feature Store Processing Suite
2026-07-15 08:53:26 | INFO | ======================================================================
2026-07-15 08:53:26 | INFO | customer_features.csv committed to Feature Store registry layer.
2026-07-15 08:53:26 | INFO | Metadata catalog generated for entity: customer
2026-07-15 08:53:26 | INFO | article_features.csv committed to Feature Store registry layer.
2026-07-15 08:53:26 | INFO | Metadata catalog generated for entity: article
2026-07-15 08:53:26 | INFO | transaction_features.csv committed to Feature Store registry layer.
2026-07-15 08:53:26 | INFO | Metadata catalog generated for entity: transaction
2026-07-15 08:53:26 | WARNING | Optional feature dataset products_api_features.csv not found. Skipping store ingestion.
2026-07-15 08:53:26 | INFO | Executing sample feature retrieval verification lookup...
2026-07-15 08:53:26 | INFO | Querying Feature Store for Entity: [customer] | Batch Size: 2
2026-07-15 08:53:26 | INFO | Retrieval Complete | Found 0 records out of 2 requests.
2026-07-15 08:53:26 | INFO | ======================================================================
2026-07-15 08:53:26 | INFO | Task 7 Completed Successfully
2026-07-15 08:53:26 | INFO | ======================================================================
2026-07-15 08:56:48 | INFO | ======================================================================
2026-07-15 08:56:48 | INFO | Starting Task 7 : Feature Store Processing Suite
2026-07-15 08:56:48 | INFO | ======================================================================
2026-07-15 08:56:48 | INFO | customer_features.csv committed to Feature Store registry layer.
2026-07-15 08:56:48 | INFO | Metadata catalog generated for entity: customer
2026-07-15 08:56:48 | INFO | article_features.csv committed to Feature Store registry layer.
2026-07-15 08:56:48 | INFO | Metadata catalog generated for entity: article
2026-07-15 08:56:48 | INFO | transaction_features.csv committed to Feature Store registry layer.
2026-07-15 08:56:48 | INFO | Metadata catalog generated for entity: transaction
2026-07-15 08:56:48 | WARNING | Optional feature dataset products_api_features.csv not found. Skipping store ingestion.
2026-07-15 08:56:48 | INFO | Executing sample feature retrieval verification lookup...
2026-07-15 08:56:48 | INFO | Querying Feature Store for Entity: [customer] | Batch Size: 2
2026-07-15 08:56:48 | INFO | Retrieval Complete | Found 0 records out of 2 requests.
2026-07-15 08:56:48 | INFO | ======================================================================
2026-07-15 08:56:48 | INFO | Task 7 Completed Successfully
2026-07-15 08:56:48 | INFO | ======================================================================
